--------------- Build Started: 05/23/2022 20:17:05 Project: Motor_Board_Rev3_CAN_Send, Configuration: ARM GCC 5.4-2016-q2-update Debug ---------------
The code generation step is up to date.
arm-none-eabi-gcc.exe -mcpu=cortex-m0 -mthumb -I. -IGenerated_Source\PSoC4 -Wa,-alh=.\CortexM0\ARM_GCC_541\Debug/main.lst -g -D DEBUG -D CY_CORE_ID=0 -D CHIP_TYPE=CHIP_TYPE_PSOC_CY8C4248AZI_L485 -Wall -ffunction-sections -ffat-lto-objects -Og -c main.c -o .\CortexM0\ARM_GCC_541\Debug\main.o
main.c: In function 'Period_Reset_Handler':
main.c:48:18: warning: unused variable 'timer' [-Wunused-variable]
     volatile int timer = Timer_1_ReadStatusRegister();
                  ^
main.c: In function 'main':
main.c:72:18: warning: unused variable 'error' [-Wunused-variable]
     volatile int error = 0;
                  ^
main.c:70:15: warning: unused variable 'can_recieve' [-Wunused-variable]
     CANPacket can_recieve;
               ^
arm-none-eabi-gcc.exe -mcpu=cortex-m0 -mthumb -I. -IGenerated_Source\PSoC4 -Wa,-alh=.\CortexM0\ARM_GCC_541\Debug/Initialize_CAN_addr.lst -g -D DEBUG -D CY_CORE_ID=0 -D CHIP_TYPE=CHIP_TYPE_PSOC_CY8C4248AZI_L485 -Wall -ffunction-sections -ffat-lto-objects -Og -c Initialize_CAN_addr.c -o .\CortexM0\ARM_GCC_541\Debug\Initialize_CAN_addr.o
arm-none-eabi-gcc.exe -mcpu=cortex-m0 -mthumb -I. -IGenerated_Source\PSoC4 -Wa,-alh=.\CortexM0\ARM_GCC_541\Debug/MotorDrive.lst -g -D DEBUG -D CY_CORE_ID=0 -D CHIP_TYPE=CHIP_TYPE_PSOC_CY8C4248AZI_L485 -Wall -ffunction-sections -ffat-lto-objects -Og -c MotorDrive.c -o .\CortexM0\ARM_GCC_541\Debug\MotorDrive.o
arm-none-eabi-gcc.exe -mcpu=cortex-m0 -mthumb -I. -IGenerated_Source\PSoC4 -Wa,-alh=.\CortexM0\ARM_GCC_541\Debug/PositionPID.lst -g -D DEBUG -D CY_CORE_ID=0 -D CHIP_TYPE=CHIP_TYPE_PSOC_CY8C4248AZI_L485 -Wall -ffunction-sections -ffat-lto-objects -Og -c PositionPID.c -o .\CortexM0\ARM_GCC_541\Debug\PositionPID.o
arm-none-eabi-gcc.exe -mcpu=cortex-m0 -mthumb -I. -IGenerated_Source\PSoC4 -Wa,-alh=.\CortexM0\ARM_GCC_541\Debug/LED_Array.lst -g -D DEBUG -D CY_CORE_ID=0 -D CHIP_TYPE=CHIP_TYPE_PSOC_CY8C4248AZI_L485 -Wall -ffunction-sections -ffat-lto-objects -Og -c LED_Array.c -o .\CortexM0\ARM_GCC_541\Debug\LED_Array.o
arm-none-eabi-gcc.exe -mcpu=cortex-m0 -mthumb -I. -IGenerated_Source\PSoC4 -Wa,-alh=.\CortexM0\ARM_GCC_541\Debug/DebugMessages.lst -g -D DEBUG -D CY_CORE_ID=0 -D CHIP_TYPE=CHIP_TYPE_PSOC_CY8C4248AZI_L485 -Wall -ffunction-sections -ffat-lto-objects -Og -c DebugMessages.c -o .\CortexM0\ARM_GCC_541\Debug\DebugMessages.o
DebugMessages.c: In function 'SetMotorPWM':
DebugMessages.c:81:21: warning: format '%d' expects argument of type 'int', but argument 3 has type 'int32_t {aka long int}' [-Wformat=]
     sprintf(txData, "PWM Value: %d\r\n", result);
                     ^
DebugMessages.c:81:21: warning: format '%d' expects argument of type 'int', but argument 3 has type 'int32_t {aka long int}' [-Wformat=]
arm-none-eabi-gcc.exe -mcpu=cortex-m0 -mthumb -I. -IGenerated_Source\PSoC4 -Wa,-alh=.\CortexM0\ARM_GCC_541\Debug/CANCommon.lst -g -D DEBUG -D CY_CORE_ID=0 -D CHIP_TYPE=CHIP_TYPE_PSOC_CY8C4248AZI_L485 -Wall -ffunction-sections -ffat-lto-objects -Og -c ..\CANLib\CANCommon.c -o .\CortexM0\ARM_GCC_541\Debug\CANCommon.o
arm-none-eabi-gcc.exe -mcpu=cortex-m0 -mthumb -I. -IGenerated_Source\PSoC4 -Wa,-alh=.\CortexM0\ARM_GCC_541\Debug/CANGPIO.lst -g -D DEBUG -D CY_CORE_ID=0 -D CHIP_TYPE=CHIP_TYPE_PSOC_CY8C4248AZI_L485 -Wall -ffunction-sections -ffat-lto-objects -Og -c ..\CANLib\CANGPIO.c -o .\CortexM0\ARM_GCC_541\Debug\CANGPIO.o
arm-none-eabi-gcc.exe -mcpu=cortex-m0 -mthumb -I. -IGenerated_Source\PSoC4 -Wa,-alh=.\CortexM0\ARM_GCC_541\Debug/CANLocalization.lst -g -D DEBUG -D CY_CORE_ID=0 -D CHIP_TYPE=CHIP_TYPE_PSOC_CY8C4248AZI_L485 -Wall -ffunction-sections -ffat-lto-objects -Og -c ..\CANLib\CANLocalization.c -o .\CortexM0\ARM_GCC_541\Debug\CANLocalization.o
arm-none-eabi-gcc.exe -mcpu=cortex-m0 -mthumb -I. -IGenerated_Source\PSoC4 -Wa,-alh=.\CortexM0\ARM_GCC_541\Debug/CANMotorUnit.lst -g -D DEBUG -D CY_CORE_ID=0 -D CHIP_TYPE=CHIP_TYPE_PSOC_CY8C4248AZI_L485 -Wall -ffunction-sections -ffat-lto-objects -Og -c ..\CANLib\CANMotorUnit.c -o .\CortexM0\ARM_GCC_541\Debug\CANMotorUnit.o
arm-none-eabi-gcc.exe -mcpu=cortex-m0 -mthumb -I. -IGenerated_Source\PSoC4 -Wa,-alh=.\CortexM0\ARM_GCC_541\Debug/CANPacket.lst -g -D DEBUG -D CY_CORE_ID=0 -D CHIP_TYPE=CHIP_TYPE_PSOC_CY8C4248AZI_L485 -Wall -ffunction-sections -ffat-lto-objects -Og -c ..\CANLib\CANPacket.c -o .\CortexM0\ARM_GCC_541\Debug\CANPacket.o
arm-none-eabi-gcc.exe -mcpu=cortex-m0 -mthumb -I. -IGenerated_Source\PSoC4 -Wa,-alh=.\CortexM0\ARM_GCC_541\Debug/CANPower.lst -g -D DEBUG -D CY_CORE_ID=0 -D CHIP_TYPE=CHIP_TYPE_PSOC_CY8C4248AZI_L485 -Wall -ffunction-sections -ffat-lto-objects -Og -c ..\CANLib\CANPower.c -o .\CortexM0\ARM_GCC_541\Debug\CANPower.o
arm-none-eabi-gcc.exe -mcpu=cortex-m0 -mthumb -I. -IGenerated_Source\PSoC4 -Wa,-alh=.\CortexM0\ARM_GCC_541\Debug/PortPSOC_CY8C4248AZI_L485.lst -g -D DEBUG -D CY_CORE_ID=0 -D CHIP_TYPE=CHIP_TYPE_PSOC_CY8C4248AZI_L485 -Wall -ffunction-sections -ffat-lto-objects -Og -c ..\CANLib\PortFiles\PortPSOC_CY8C4248AZI_L485.c -o .\CortexM0\ARM_GCC_541\Debug\PortPSOC_CY8C4248AZI_L485.o
In file included from Generated_Source\PSoC4/project.h:55:0,
                 from ..\CANLib\PortFiles\PortPSOC_CY8C4248AZI_L485.c:12:
..\CANLib\PortFiles\PortPSOC_CY8C4248AZI_L485.c: In function 'CAN_FLAG_ISR':
Generated_Source\PSoC4/CAN.h:566:58: warning: 'mailbox' may be used uninitialized in this function [-Wmaybe-uninitialized]
 #define CAN_RX_CMD_REG(i)            (*(reg32 *) (&CAN_RX[i].rxcmd))
                                                          ^
..\CANLib\PortFiles\PortPSOC_CY8C4248AZI_L485.c:172:13: note: 'mailbox' was declared here
     uint8_t mailbox;
             ^
arm-none-eabi-gcc.exe -mcpu=cortex-m0 -mthumb -I. -IGenerated_Source\PSoC4 -Wa,-alh=.\CortexM0\ARM_GCC_541\Debug/cyfitter_cfg.lst -g -D DEBUG -D CY_CORE_ID=0 -D CHIP_TYPE=CHIP_TYPE_PSOC_CY8C4248AZI_L485 -Wall -ffunction-sections -ffat-lto-objects -Og -c Generated_Source\PSoC4\cyfitter_cfg.c -o .\CortexM0\ARM_GCC_541\Debug\cyfitter_cfg.o
arm-none-eabi-gcc.exe -mcpu=cortex-m0 -mthumb -I. -IGenerated_Source\PSoC4 -Wa,-alh=.\CortexM0\ARM_GCC_541\Debug/cymetadata.lst -g -D DEBUG -D CY_CORE_ID=0 -D CHIP_TYPE=CHIP_TYPE_PSOC_CY8C4248AZI_L485 -Wall -ffunction-sections -ffat-lto-objects -Og -c Generated_Source\PSoC4\cymetadata.c -o .\CortexM0\ARM_GCC_541\Debug\cymetadata.o
arm-none-eabi-gcc.exe -mcpu=cortex-m0 -mthumb -I. -IGenerated_Source\PSoC4 -Wa,-alh=.\CortexM0\ARM_GCC_541\Debug/Pin_Limit_1.lst -g -D DEBUG -D CY_CORE_ID=0 -D CHIP_TYPE=CHIP_TYPE_PSOC_CY8C4248AZI_L485 -Wall -ffunction-sections -ffat-lto-objects -Og -c Generated_Source\PSoC4\Pin_Limit_1.c -o .\CortexM0\ARM_GCC_541\Debug\Pin_Limit_1.o
arm-none-eabi-gcc.exe -mcpu=cortex-m0 -mthumb -I. -IGenerated_Source\PSoC4 -Wa,-alh=.\CortexM0\ARM_GCC_541\Debug/Pin_Limit_1_PM.lst -g -D DEBUG -D CY_CORE_ID=0 -D CHIP_TYPE=CHIP_TYPE_PSOC_CY8C4248AZI_L485 -Wall -ffunction-sections -ffat-lto-objects -Og -c Generated_Source\PSoC4\Pin_Limit_1_PM.c -o .\CortexM0\ARM_GCC_541\Debug\Pin_Limit_1_PM.o
arm-none-eabi-gcc.exe -mcpu=cortex-m0 -mthumb -I. -IGenerated_Source\PSoC4 -Wa,-alh=.\CortexM0\ARM_GCC_541\Debug/Pin_Limit_2.lst -g -D DEBUG -D CY_CORE_ID=0 -D CHIP_TYPE=CHIP_TYPE_PSOC_CY8C4248AZI_L485 -Wall -ffunction-sections -ffat-lto-objects -Og -c Generated_Source\PSoC4\Pin_Limit_2.c -o .\CortexM0\ARM_GCC_541\Debug\Pin_Limit_2.o
arm-none-eabi-gcc.exe -mcpu=cortex-m0 -mthumb -I. -IGenerated_Source\PSoC4 -Wa,-alh=.\CortexM0\ARM_GCC_541\Debug/Pin_Limit_2_PM.lst -g -D DEBUG -D CY_CORE_ID=0 -D CHIP_TYPE=CHIP_TYPE_PSOC_CY8C4248AZI_L485 -Wall -ffunction-sections -ffat-lto-objects -Og -c Generated_Source\PSoC4\Pin_Limit_2_PM.c -o .\CortexM0\ARM_GCC_541\Debug\Pin_Limit_2_PM.o
arm-none-eabi-gcc.exe -mcpu=cortex-m0 -mthumb -I. -IGenerated_Source\PSoC4 -Wa,-alh=.\CortexM0\ARM_GCC_541\Debug/PWM_Motor.lst -g -D DEBUG -D CY_CORE_ID=0 -D CHIP_TYPE=CHIP_TYPE_PSOC_CY8C4248AZI_L485 -Wall -ffunction-sections -ffat-lto-objects -Og -c Generated_Source\PSoC4\PWM_Motor.c -o .\CortexM0\ARM_GCC_541\Debug\PWM_Motor.o
arm-none-eabi-gcc.exe -mcpu=cortex-m0 -mthumb -I. -IGenerated_Source\PSoC4 -Wa,-alh=.\CortexM0\ARM_GCC_541\Debug/PWM_Motor_PM.lst -g -D DEBUG -D CY_CORE_ID=0 -D CHIP_TYPE=CHIP_TYPE_PSOC_CY8C4248AZI_L485 -Wall -ffunction-sections -ffat-lto-objects -Og -c Generated_Source\PSoC4\PWM_Motor_PM.c -o .\CortexM0\ARM_GCC_541\Debug\PWM_Motor_PM.o
arm-none-eabi-gcc.exe -mcpu=cortex-m0 -mthumb -I. -IGenerated_Source\PSoC4 -Wa,-alh=.\CortexM0\ARM_GCC_541\Debug/isr_Limit_1.lst -g -D DEBUG -D CY_CORE_ID=0 -D CHIP_TYPE=CHIP_TYPE_PSOC_CY8C4248AZI_L485 -Wall -ffunction-sections -ffat-lto-objects -Og -c Generated_Source\PSoC4\isr_Limit_1.c -o .\CortexM0\ARM_GCC_541\Debug\isr_Limit_1.o
arm-none-eabi-gcc.exe -mcpu=cortex-m0 -mthumb -I. -IGenerated_Source\PSoC4 -Wa,-alh=.\CortexM0\ARM_GCC_541\Debug/Pin_Motor.lst -g -D DEBUG -D CY_CORE_ID=0 -D CHIP_TYPE=CHIP_TYPE_PSOC_CY8C4248AZI_L485 -Wall -ffunction-sections -ffat-lto-objects -Og -c Generated_Source\PSoC4\Pin_Motor.c -o .\CortexM0\ARM_GCC_541\Debug\Pin_Motor.o
arm-none-eabi-gcc.exe -mcpu=cortex-m0 -mthumb -I. -IGenerated_Source\PSoC4 -Wa,-alh=.\CortexM0\ARM_GCC_541\Debug/Pin_Motor_PM.lst -g -D DEBUG -D CY_CORE_ID=0 -D CHIP_TYPE=CHIP_TYPE_PSOC_CY8C4248AZI_L485 -Wall -ffunction-sections -ffat-lto-objects -Og -c Generated_Source\PSoC4\Pin_Motor_PM.c -o .\CortexM0\ARM_GCC_541\Debug\Pin_Motor_PM.o
arm-none-eabi-gcc.exe -mcpu=cortex-m0 -mthumb -I. -IGenerated_Source\PSoC4 -Wa,-alh=.\CortexM0\ARM_GCC_541\Debug/Clock_PWM.lst -g -D DEBUG -D CY_CORE_ID=0 -D CHIP_TYPE=CHIP_TYPE_PSOC_CY8C4248AZI_L485 -Wall -ffunction-sections -ffat-lto-objects -Og -c Generated_Source\PSoC4\Clock_PWM.c -o .\CortexM0\ARM_GCC_541\Debug\Clock_PWM.o
arm-none-eabi-gcc.exe -mcpu=cortex-m0 -mthumb -I. -IGenerated_Source\PSoC4 -Wa,-alh=.\CortexM0\ARM_GCC_541\Debug/Pin_Pot.lst -g -D DEBUG -D CY_CORE_ID=0 -D CHIP_TYPE=CHIP_TYPE_PSOC_CY8C4248AZI_L485 -Wall -ffunction-sections -ffat-lto-objects -Og -c Generated_Source\PSoC4\Pin_Pot.c -o .\CortexM0\ARM_GCC_541\Debug\Pin_Pot.o
arm-none-eabi-gcc.exe -mcpu=cortex-m0 -mthumb -I. -IGenerated_Source\PSoC4 -Wa,-alh=.\CortexM0\ARM_GCC_541\Debug/Pin_Pot_PM.lst -g -D DEBUG -D CY_CORE_ID=0 -D CHIP_TYPE=CHIP_TYPE_PSOC_CY8C4248AZI_L485 -Wall -ffunction-sections -ffat-lto-objects -Og -c Generated_Source\PSoC4\Pin_Pot_PM.c -o .\CortexM0\ARM_GCC_541\Debug\Pin_Pot_PM.o
arm-none-eabi-gcc.exe -mcpu=cortex-m0 -mthumb -I. -IGenerated_Source\PSoC4 -Wa,-alh=.\CortexM0\ARM_GCC_541\Debug/Pin_Direction.lst -g -D DEBUG -D CY_CORE_ID=0 -D CHIP_TYPE=CHIP_TYPE_PSOC_CY8C4248AZI_L485 -Wall -ffunction-sections -ffat-lto-objects -Og -c Generated_Source\PSoC4\Pin_Direction.c -o .\CortexM0\ARM_GCC_541\Debug\Pin_Direction.o
arm-none-eabi-gcc.exe -mcpu=cortex-m0 -mthumb -I. -IGenerated_Source\PSoC4 -Wa,-alh=.\CortexM0\ARM_GCC_541\Debug/Pin_Direction_PM.lst -g -D DEBUG -D CY_CORE_ID=0 -D CHIP_TYPE=CHIP_TYPE_PSOC_CY8C4248AZI_L485 -Wall -ffunction-sections -ffat-lto-objects -Og -c Generated_Source\PSoC4\Pin_Direction_PM.c -o .\CortexM0\ARM_GCC_541\Debug\Pin_Direction_PM.o
arm-none-eabi-gcc.exe -mcpu=cortex-m0 -mthumb -I. -IGenerated_Source\PSoC4 -Wa,-alh=.\CortexM0\ARM_GCC_541\Debug/QuadDec.lst -g -D DEBUG -D CY_CORE_ID=0 -D CHIP_TYPE=CHIP_TYPE_PSOC_CY8C4248AZI_L485 -Wall -ffunction-sections -ffat-lto-objects -Og -c Generated_Source\PSoC4\QuadDec.c -o .\CortexM0\ARM_GCC_541\Debug\QuadDec.o
arm-none-eabi-gcc.exe -mcpu=cortex-m0 -mthumb -I. -IGenerated_Source\PSoC4 -Wa,-alh=.\CortexM0\ARM_GCC_541\Debug/QuadDec_PM.lst -g -D DEBUG -D CY_CORE_ID=0 -D CHIP_TYPE=CHIP_TYPE_PSOC_CY8C4248AZI_L485 -Wall -ffunction-sections -ffat-lto-objects -Og -c Generated_Source\PSoC4\QuadDec_PM.c -o .\CortexM0\ARM_GCC_541\Debug\QuadDec_PM.o
arm-none-eabi-gcc.exe -mcpu=cortex-m0 -mthumb -I. -IGenerated_Source\PSoC4 -Wa,-alh=.\CortexM0\ARM_GCC_541\Debug/Pin_Encoder_A.lst -g -D DEBUG -D CY_CORE_ID=0 -D CHIP_TYPE=CHIP_TYPE_PSOC_CY8C4248AZI_L485 -Wall -ffunction-sections -ffat-lto-objects -Og -c Generated_Source\PSoC4\Pin_Encoder_A.c -o .\CortexM0\ARM_GCC_541\Debug\Pin_Encoder_A.o
arm-none-eabi-gcc.exe -mcpu=cortex-m0 -mthumb -I. -IGenerated_Source\PSoC4 -Wa,-alh=.\CortexM0\ARM_GCC_541\Debug/Pin_Encoder_A_PM.lst -g -D DEBUG -D CY_CORE_ID=0 -D CHIP_TYPE=CHIP_TYPE_PSOC_CY8C4248AZI_L485 -Wall -ffunction-sections -ffat-lto-objects -Og -c Generated_Source\PSoC4\Pin_Encoder_A_PM.c -o .\CortexM0\ARM_GCC_541\Debug\Pin_Encoder_A_PM.o
arm-none-eabi-gcc.exe -mcpu=cortex-m0 -mthumb -I. -IGenerated_Source\PSoC4 -Wa,-alh=.\CortexM0\ARM_GCC_541\Debug/Pin_Encoder_B.lst -g -D DEBUG -D CY_CORE_ID=0 -D CHIP_TYPE=CHIP_TYPE_PSOC_CY8C4248AZI_L485 -Wall -ffunction-sections -ffat-lto-objects -Og -c Generated_Source\PSoC4\Pin_Encoder_B.c -o .\CortexM0\ARM_GCC_541\Debug\Pin_Encoder_B.o
arm-none-eabi-gcc.exe -mcpu=cortex-m0 -mthumb -I. -IGenerated_Source\PSoC4 -Wa,-alh=.\CortexM0\ARM_GCC_541\Debug/Pin_Encoder_B_PM.lst -g -D DEBUG -D CY_CORE_ID=0 -D CHIP_TYPE=CHIP_TYPE_PSOC_CY8C4248AZI_L485 -Wall -ffunction-sections -ffat-lto-objects -Og -c Generated_Source\PSoC4\Pin_Encoder_B_PM.c -o .\CortexM0\ARM_GCC_541\Debug\Pin_Encoder_B_PM.o
arm-none-eabi-gcc.exe -mcpu=cortex-m0 -mthumb -I. -IGenerated_Source\PSoC4 -Wa,-alh=.\CortexM0\ARM_GCC_541\Debug/Clock_1.lst -g -D DEBUG -D CY_CORE_ID=0 -D CHIP_TYPE=CHIP_TYPE_PSOC_CY8C4248AZI_L485 -Wall -ffunction-sections -ffat-lto-objects -Og -c Generated_Source\PSoC4\Clock_1.c -o .\CortexM0\ARM_GCC_541\Debug\Clock_1.o
arm-none-eabi-gcc.exe -mcpu=cortex-m0 -mthumb -I. -IGenerated_Source\PSoC4 -Wa,-alh=.\CortexM0\ARM_GCC_541\Debug/Debug_1.lst -g -D DEBUG -D CY_CORE_ID=0 -D CHIP_TYPE=CHIP_TYPE_PSOC_CY8C4248AZI_L485 -Wall -ffunction-sections -ffat-lto-objects -Og -c Generated_Source\PSoC4\Debug_1.c -o .\CortexM0\ARM_GCC_541\Debug\Debug_1.o
arm-none-eabi-gcc.exe -mcpu=cortex-m0 -mthumb -I. -IGenerated_Source\PSoC4 -Wa,-alh=.\CortexM0\ARM_GCC_541\Debug/Debug_1_PM.lst -g -D DEBUG -D CY_CORE_ID=0 -D CHIP_TYPE=CHIP_TYPE_PSOC_CY8C4248AZI_L485 -Wall -ffunction-sections -ffat-lto-objects -Og -c Generated_Source\PSoC4\Debug_1_PM.c -o .\CortexM0\ARM_GCC_541\Debug\Debug_1_PM.o
arm-none-eabi-gcc.exe -mcpu=cortex-m0 -mthumb -I. -IGenerated_Source\PSoC4 -Wa,-alh=.\CortexM0\ARM_GCC_541\Debug/Debug_2.lst -g -D DEBUG -D CY_CORE_ID=0 -D CHIP_TYPE=CHIP_TYPE_PSOC_CY8C4248AZI_L485 -Wall -ffunction-sections -ffat-lto-objects -Og -c Generated_Source\PSoC4\Debug_2.c -o .\CortexM0\ARM_GCC_541\Debug\Debug_2.o
arm-none-eabi-gcc.exe -mcpu=cortex-m0 -mthumb -I. -IGenerated_Source\PSoC4 -Wa,-alh=.\CortexM0\ARM_GCC_541\Debug/Debug_2_PM.lst -g -D DEBUG -D CY_CORE_ID=0 -D CHIP_TYPE=CHIP_TYPE_PSOC_CY8C4248AZI_L485 -Wall -ffunction-sections -ffat-lto-objects -Og -c Generated_Source\PSoC4\Debug_2_PM.c -o .\CortexM0\ARM_GCC_541\Debug\Debug_2_PM.o
arm-none-eabi-gcc.exe -mcpu=cortex-m0 -mthumb -I. -IGenerated_Source\PSoC4 -Wa,-alh=.\CortexM0\ARM_GCC_541\Debug/Status_Reg_Switches.lst -g -D DEBUG -D CY_CORE_ID=0 -D CHIP_TYPE=CHIP_TYPE_PSOC_CY8C4248AZI_L485 -Wall -ffunction-sections -ffat-lto-objects -Og -c Generated_Source\PSoC4\Status_Reg_Switches.c -o .\CortexM0\ARM_GCC_541\Debug\Status_Reg_Switches.o
arm-none-eabi-gcc.exe -mcpu=cortex-m0 -mthumb -I. -IGenerated_Source\PSoC4 -Wa,-alh=.\CortexM0\ARM_GCC_541\Debug/Clock_2.lst -g -D DEBUG -D CY_CORE_ID=0 -D CHIP_TYPE=CHIP_TYPE_PSOC_CY8C4248AZI_L485 -Wall -ffunction-sections -ffat-lto-objects -Og -c Generated_Source\PSoC4\Clock_2.c -o .\CortexM0\ARM_GCC_541\Debug\Clock_2.o
arm-none-eabi-gcc.exe -mcpu=cortex-m0 -mthumb -I. -IGenerated_Source\PSoC4 -Wa,-alh=.\CortexM0\ARM_GCC_541\Debug/StripLights.lst -g -D DEBUG -D CY_CORE_ID=0 -D CHIP_TYPE=CHIP_TYPE_PSOC_CY8C4248AZI_L485 -Wall -ffunction-sections -ffat-lto-objects -Og -c Generated_Source\PSoC4\StripLights.c -o .\CortexM0\ARM_GCC_541\Debug\StripLights.o
Generated_Source\PSoC4\StripLights.c: In function 'StripLights_GetPixel':
Generated_Source\PSoC4\StripLights.c:602:11: warning: 'color' may be used uninitialized in this function [-Wmaybe-uninitialized]
     return(color);
           ^
arm-none-eabi-gcc.exe -mcpu=cortex-m0 -mthumb -I. -IGenerated_Source\PSoC4 -Wa,-alh=.\CortexM0\ARM_GCC_541\Debug/StripLights_fonts.lst -g -D DEBUG -D CY_CORE_ID=0 -D CHIP_TYPE=CHIP_TYPE_PSOC_CY8C4248AZI_L485 -Wall -ffunction-sections -ffat-lto-objects -Og -c Generated_Source\PSoC4\StripLights_fonts.c -o .\CortexM0\ARM_GCC_541\Debug\StripLights_fonts.o
arm-none-eabi-gcc.exe -mcpu=cortex-m0 -mthumb -I. -IGenerated_Source\PSoC4 -Wa,-alh=.\CortexM0\ARM_GCC_541\Debug/Array_LED.lst -g -D DEBUG -D CY_CORE_ID=0 -D CHIP_TYPE=CHIP_TYPE_PSOC_CY8C4248AZI_L485 -Wall -ffunction-sections -ffat-lto-objects -Og -c Generated_Source\PSoC4\Array_LED.c -o .\CortexM0\ARM_GCC_541\Debug\Array_LED.o
arm-none-eabi-gcc.exe -mcpu=cortex-m0 -mthumb -I. -IGenerated_Source\PSoC4 -Wa,-alh=.\CortexM0\ARM_GCC_541\Debug/Array_LED_PM.lst -g -D DEBUG -D CY_CORE_ID=0 -D CHIP_TYPE=CHIP_TYPE_PSOC_CY8C4248AZI_L485 -Wall -ffunction-sections -ffat-lto-objects -Og -c Generated_Source\PSoC4\Array_LED_PM.c -o .\CortexM0\ARM_GCC_541\Debug\Array_LED_PM.o
arm-none-eabi-gcc.exe -mcpu=cortex-m0 -mthumb -I. -IGenerated_Source\PSoC4 -Wa,-alh=.\CortexM0\ARM_GCC_541\Debug/ADC_SAR_Seq_1.lst -g -D DEBUG -D CY_CORE_ID=0 -D CHIP_TYPE=CHIP_TYPE_PSOC_CY8C4248AZI_L485 -Wall -ffunction-sections -ffat-lto-objects -Og -c Generated_Source\PSoC4\ADC_SAR_Seq_1.c -o .\CortexM0\ARM_GCC_541\Debug\ADC_SAR_Seq_1.o
arm-none-eabi-gcc.exe -mcpu=cortex-m0 -mthumb -I. -IGenerated_Source\PSoC4 -Wa,-alh=.\CortexM0\ARM_GCC_541\Debug/ADC_SAR_Seq_1_PM.lst -g -D DEBUG -D CY_CORE_ID=0 -D CHIP_TYPE=CHIP_TYPE_PSOC_CY8C4248AZI_L485 -Wall -ffunction-sections -ffat-lto-objects -Og -c Generated_Source\PSoC4\ADC_SAR_Seq_1_PM.c -o .\CortexM0\ARM_GCC_541\Debug\ADC_SAR_Seq_1_PM.o
arm-none-eabi-gcc.exe -mcpu=cortex-m0 -mthumb -I. -IGenerated_Source\PSoC4 -Wa,-alh=.\CortexM0\ARM_GCC_541\Debug/ADC_SAR_Seq_1_INT.lst -g -D DEBUG -D CY_CORE_ID=0 -D CHIP_TYPE=CHIP_TYPE_PSOC_CY8C4248AZI_L485 -Wall -ffunction-sections -ffat-lto-objects -Og -c Generated_Source\PSoC4\ADC_SAR_Seq_1_INT.c -o .\CortexM0\ARM_GCC_541\Debug\ADC_SAR_Seq_1_INT.o
arm-none-eabi-gcc.exe -mcpu=cortex-m0 -mthumb -I. -IGenerated_Source\PSoC4 -Wa,-alh=.\CortexM0\ARM_GCC_541\Debug/RX_1.lst -g -D DEBUG -D CY_CORE_ID=0 -D CHIP_TYPE=CHIP_TYPE_PSOC_CY8C4248AZI_L485 -Wall -ffunction-sections -ffat-lto-objects -Og -c Generated_Source\PSoC4\RX_1.c -o .\CortexM0\ARM_GCC_541\Debug\RX_1.o
arm-none-eabi-gcc.exe -mcpu=cortex-m0 -mthumb -I. -IGenerated_Source\PSoC4 -Wa,-alh=.\CortexM0\ARM_GCC_541\Debug/RX_1_PM.lst -g -D DEBUG -D CY_CORE_ID=0 -D CHIP_TYPE=CHIP_TYPE_PSOC_CY8C4248AZI_L485 -Wall -ffunction-sections -ffat-lto-objects -Og -c Generated_Source\PSoC4\RX_1_PM.c -o .\CortexM0\ARM_GCC_541\Debug\RX_1_PM.o
arm-none-eabi-gcc.exe -mcpu=cortex-m0 -mthumb -I. -IGenerated_Source\PSoC4 -Wa,-alh=.\CortexM0\ARM_GCC_541\Debug/TX_1.lst -g -D DEBUG -D CY_CORE_ID=0 -D CHIP_TYPE=CHIP_TYPE_PSOC_CY8C4248AZI_L485 -Wall -ffunction-sections -ffat-lto-objects -Og -c Generated_Source\PSoC4\TX_1.c -o .\CortexM0\ARM_GCC_541\Debug\TX_1.o
arm-none-eabi-gcc.exe -mcpu=cortex-m0 -mthumb -I. -IGenerated_Source\PSoC4 -Wa,-alh=.\CortexM0\ARM_GCC_541\Debug/TX_1_PM.lst -g -D DEBUG -D CY_CORE_ID=0 -D CHIP_TYPE=CHIP_TYPE_PSOC_CY8C4248AZI_L485 -Wall -ffunction-sections -ffat-lto-objects -Og -c Generated_Source\PSoC4\TX_1_PM.c -o .\CortexM0\ARM_GCC_541\Debug\TX_1_PM.o
arm-none-eabi-gcc.exe -mcpu=cortex-m0 -mthumb -I. -IGenerated_Source\PSoC4 -Wa,-alh=.\CortexM0\ARM_GCC_541\Debug/CAN.lst -g -D DEBUG -D CY_CORE_ID=0 -D CHIP_TYPE=CHIP_TYPE_PSOC_CY8C4248AZI_L485 -Wall -ffunction-sections -ffat-lto-objects -Og -c Generated_Source\PSoC4\CAN.c -o .\CortexM0\ARM_GCC_541\Debug\CAN.o
arm-none-eabi-gcc.exe -mcpu=cortex-m0 -mthumb -I. -IGenerated_Source\PSoC4 -Wa,-alh=.\CortexM0\ARM_GCC_541\Debug/CAN_INT.lst -g -D DEBUG -D CY_CORE_ID=0 -D CHIP_TYPE=CHIP_TYPE_PSOC_CY8C4248AZI_L485 -Wall -ffunction-sections -ffat-lto-objects -Og -c Generated_Source\PSoC4\CAN_INT.c -o .\CortexM0\ARM_GCC_541\Debug\CAN_INT.o
arm-none-eabi-gcc.exe -mcpu=cortex-m0 -mthumb -I. -IGenerated_Source\PSoC4 -Wa,-alh=.\CortexM0\ARM_GCC_541\Debug/CAN_PM.lst -g -D DEBUG -D CY_CORE_ID=0 -D CHIP_TYPE=CHIP_TYPE_PSOC_CY8C4248AZI_L485 -Wall -ffunction-sections -ffat-lto-objects -Og -c Generated_Source\PSoC4\CAN_PM.c -o .\CortexM0\ARM_GCC_541\Debug\CAN_PM.o
arm-none-eabi-gcc.exe -mcpu=cortex-m0 -mthumb -I. -IGenerated_Source\PSoC4 -Wa,-alh=.\CortexM0\ARM_GCC_541\Debug/CAN_TX_RX_func.lst -g -D DEBUG -D CY_CORE_ID=0 -D CHIP_TYPE=CHIP_TYPE_PSOC_CY8C4248AZI_L485 -Wall -ffunction-sections -ffat-lto-objects -Og -c Generated_Source\PSoC4\CAN_TX_RX_func.c -o .\CortexM0\ARM_GCC_541\Debug\CAN_TX_RX_func.o
arm-none-eabi-gcc.exe -mcpu=cortex-m0 -mthumb -I. -IGenerated_Source\PSoC4 -Wa,-alh=.\CortexM0\ARM_GCC_541\Debug/UART.lst -g -D DEBUG -D CY_CORE_ID=0 -D CHIP_TYPE=CHIP_TYPE_PSOC_CY8C4248AZI_L485 -Wall -ffunction-sections -ffat-lto-objects -Og -c Generated_Source\PSoC4\UART.c -o .\CortexM0\ARM_GCC_541\Debug\UART.o
arm-none-eabi-gcc.exe -mcpu=cortex-m0 -mthumb -I. -IGenerated_Source\PSoC4 -Wa,-alh=.\CortexM0\ARM_GCC_541\Debug/UART_SPI_UART.lst -g -D DEBUG -D CY_CORE_ID=0 -D CHIP_TYPE=CHIP_TYPE_PSOC_CY8C4248AZI_L485 -Wall -ffunction-sections -ffat-lto-objects -Og -c Generated_Source\PSoC4\UART_SPI_UART.c -o .\CortexM0\ARM_GCC_541\Debug\UART_SPI_UART.o
arm-none-eabi-gcc.exe -mcpu=cortex-m0 -mthumb -I. -IGenerated_Source\PSoC4 -Wa,-alh=.\CortexM0\ARM_GCC_541\Debug/UART_SPI_UART_INT.lst -g -D DEBUG -D CY_CORE_ID=0 -D CHIP_TYPE=CHIP_TYPE_PSOC_CY8C4248AZI_L485 -Wall -ffunction-sections -ffat-lto-objects -Og -c Generated_Source\PSoC4\UART_SPI_UART_INT.c -o .\CortexM0\ARM_GCC_541\Debug\UART_SPI_UART_INT.o
arm-none-eabi-gcc.exe -mcpu=cortex-m0 -mthumb -I. -IGenerated_Source\PSoC4 -Wa,-alh=.\CortexM0\ARM_GCC_541\Debug/UART_PM.lst -g -D DEBUG -D CY_CORE_ID=0 -D CHIP_TYPE=CHIP_TYPE_PSOC_CY8C4248AZI_L485 -Wall -ffunction-sections -ffat-lto-objects -Og -c Generated_Source\PSoC4\UART_PM.c -o .\CortexM0\ARM_GCC_541\Debug\UART_PM.o
arm-none-eabi-gcc.exe -mcpu=cortex-m0 -mthumb -I. -IGenerated_Source\PSoC4 -Wa,-alh=.\CortexM0\ARM_GCC_541\Debug/UART_UART.lst -g -D DEBUG -D CY_CORE_ID=0 -D CHIP_TYPE=CHIP_TYPE_PSOC_CY8C4248AZI_L485 -Wall -ffunction-sections -ffat-lto-objects -Og -c Generated_Source\PSoC4\UART_UART.c -o .\CortexM0\ARM_GCC_541\Debug\UART_UART.o
arm-none-eabi-gcc.exe -mcpu=cortex-m0 -mthumb -I. -IGenerated_Source\PSoC4 -Wa,-alh=.\CortexM0\ARM_GCC_541\Debug/UART_BOOT.lst -g -D DEBUG -D CY_CORE_ID=0 -D CHIP_TYPE=CHIP_TYPE_PSOC_CY8C4248AZI_L485 -Wall -ffunction-sections -ffat-lto-objects -Og -c Generated_Source\PSoC4\UART_BOOT.c -o .\CortexM0\ARM_GCC_541\Debug\UART_BOOT.o
arm-none-eabi-gcc.exe -mcpu=cortex-m0 -mthumb -I. -IGenerated_Source\PSoC4 -Wa,-alh=.\CortexM0\ARM_GCC_541\Debug/UART_UART_BOOT.lst -g -D DEBUG -D CY_CORE_ID=0 -D CHIP_TYPE=CHIP_TYPE_PSOC_CY8C4248AZI_L485 -Wall -ffunction-sections -ffat-lto-objects -Og -c Generated_Source\PSoC4\UART_UART_BOOT.c -o .\CortexM0\ARM_GCC_541\Debug\UART_UART_BOOT.o
arm-none-eabi-gcc.exe -mcpu=cortex-m0 -mthumb -I. -IGenerated_Source\PSoC4 -Wa,-alh=.\CortexM0\ARM_GCC_541\Debug/Dip_1.lst -g -D DEBUG -D CY_CORE_ID=0 -D CHIP_TYPE=CHIP_TYPE_PSOC_CY8C4248AZI_L485 -Wall -ffunction-sections -ffat-lto-objects -Og -c Generated_Source\PSoC4\Dip_1.c -o .\CortexM0\ARM_GCC_541\Debug\Dip_1.o
arm-none-eabi-gcc.exe -mcpu=cortex-m0 -mthumb -I. -IGenerated_Source\PSoC4 -Wa,-alh=.\CortexM0\ARM_GCC_541\Debug/Dip_1_PM.lst -g -D DEBUG -D CY_CORE_ID=0 -D CHIP_TYPE=CHIP_TYPE_PSOC_CY8C4248AZI_L485 -Wall -ffunction-sections -ffat-lto-objects -Og -c Generated_Source\PSoC4\Dip_1_PM.c -o .\CortexM0\ARM_GCC_541\Debug\Dip_1_PM.o
arm-none-eabi-gcc.exe -mcpu=cortex-m0 -mthumb -I. -IGenerated_Source\PSoC4 -Wa,-alh=.\CortexM0\ARM_GCC_541\Debug/Dip_3.lst -g -D DEBUG -D CY_CORE_ID=0 -D CHIP_TYPE=CHIP_TYPE_PSOC_CY8C4248AZI_L485 -Wall -ffunction-sections -ffat-lto-objects -Og -c Generated_Source\PSoC4\Dip_3.c -o .\CortexM0\ARM_GCC_541\Debug\Dip_3.o
arm-none-eabi-gcc.exe -mcpu=cortex-m0 -mthumb -I. -IGenerated_Source\PSoC4 -Wa,-alh=.\CortexM0\ARM_GCC_541\Debug/Dip_3_PM.lst -g -D DEBUG -D CY_CORE_ID=0 -D CHIP_TYPE=CHIP_TYPE_PSOC_CY8C4248AZI_L485 -Wall -ffunction-sections -ffat-lto-objects -Og -c Generated_Source\PSoC4\Dip_3_PM.c -o .\CortexM0\ARM_GCC_541\Debug\Dip_3_PM.o
arm-none-eabi-gcc.exe -mcpu=cortex-m0 -mthumb -I. -IGenerated_Source\PSoC4 -Wa,-alh=.\CortexM0\ARM_GCC_541\Debug/Dip_2.lst -g -D DEBUG -D CY_CORE_ID=0 -D CHIP_TYPE=CHIP_TYPE_PSOC_CY8C4248AZI_L485 -Wall -ffunction-sections -ffat-lto-objects -Og -c Generated_Source\PSoC4\Dip_2.c -o .\CortexM0\ARM_GCC_541\Debug\Dip_2.o
arm-none-eabi-gcc.exe -mcpu=cortex-m0 -mthumb -I. -IGenerated_Source\PSoC4 -Wa,-alh=.\CortexM0\ARM_GCC_541\Debug/Dip_2_PM.lst -g -D DEBUG -D CY_CORE_ID=0 -D CHIP_TYPE=CHIP_TYPE_PSOC_CY8C4248AZI_L485 -Wall -ffunction-sections -ffat-lto-objects -Og -c Generated_Source\PSoC4\Dip_2_PM.c -o .\CortexM0\ARM_GCC_541\Debug\Dip_2_PM.o
arm-none-eabi-gcc.exe -mcpu=cortex-m0 -mthumb -I. -IGenerated_Source\PSoC4 -Wa,-alh=.\CortexM0\ARM_GCC_541\Debug/Dip_4.lst -g -D DEBUG -D CY_CORE_ID=0 -D CHIP_TYPE=CHIP_TYPE_PSOC_CY8C4248AZI_L485 -Wall -ffunction-sections -ffat-lto-objects -Og -c Generated_Source\PSoC4\Dip_4.c -o .\CortexM0\ARM_GCC_541\Debug\Dip_4.o
arm-none-eabi-gcc.exe -mcpu=cortex-m0 -mthumb -I. -IGenerated_Source\PSoC4 -Wa,-alh=.\CortexM0\ARM_GCC_541\Debug/Dip_4_PM.lst -g -D DEBUG -D CY_CORE_ID=0 -D CHIP_TYPE=CHIP_TYPE_PSOC_CY8C4248AZI_L485 -Wall -ffunction-sections -ffat-lto-objects -Og -c Generated_Source\PSoC4\Dip_4_PM.c -o .\CortexM0\ARM_GCC_541\Debug\Dip_4_PM.o
arm-none-eabi-gcc.exe -mcpu=cortex-m0 -mthumb -I. -IGenerated_Source\PSoC4 -Wa,-alh=.\CortexM0\ARM_GCC_541\Debug/Can_addr.lst -g -D DEBUG -D CY_CORE_ID=0 -D CHIP_TYPE=CHIP_TYPE_PSOC_CY8C4248AZI_L485 -Wall -ffunction-sections -ffat-lto-objects -Og -c Generated_Source\PSoC4\Can_addr.c -o .\CortexM0\ARM_GCC_541\Debug\Can_addr.o
arm-none-eabi-gcc.exe -mcpu=cortex-m0 -mthumb -I. -IGenerated_Source\PSoC4 -Wa,-alh=.\CortexM0\ARM_GCC_541\Debug/timer_clock.lst -g -D DEBUG -D CY_CORE_ID=0 -D CHIP_TYPE=CHIP_TYPE_PSOC_CY8C4248AZI_L485 -Wall -ffunction-sections -ffat-lto-objects -Og -c Generated_Source\PSoC4\timer_clock.c -o .\CortexM0\ARM_GCC_541\Debug\timer_clock.o
arm-none-eabi-gcc.exe -mcpu=cortex-m0 -mthumb -I. -IGenerated_Source\PSoC4 -Wa,-alh=.\CortexM0\ARM_GCC_541\Debug/Timer_1.lst -g -D DEBUG -D CY_CORE_ID=0 -D CHIP_TYPE=CHIP_TYPE_PSOC_CY8C4248AZI_L485 -Wall -ffunction-sections -ffat-lto-objects -Og -c Generated_Source\PSoC4\Timer_1.c -o .\CortexM0\ARM_GCC_541\Debug\Timer_1.o
arm-none-eabi-gcc.exe -mcpu=cortex-m0 -mthumb -I. -IGenerated_Source\PSoC4 -Wa,-alh=.\CortexM0\ARM_GCC_541\Debug/Timer_1_PM.lst -g -D DEBUG -D CY_CORE_ID=0 -D CHIP_TYPE=CHIP_TYPE_PSOC_CY8C4248AZI_L485 -Wall -ffunction-sections -ffat-lto-objects -Og -c Generated_Source\PSoC4\Timer_1_PM.c -o .\CortexM0\ARM_GCC_541\Debug\Timer_1_PM.o
arm-none-eabi-gcc.exe -mcpu=cortex-m0 -mthumb -I. -IGenerated_Source\PSoC4 -Wa,-alh=.\CortexM0\ARM_GCC_541\Debug/isr_period.lst -g -D DEBUG -D CY_CORE_ID=0 -D CHIP_TYPE=CHIP_TYPE_PSOC_CY8C4248AZI_L485 -Wall -ffunction-sections -ffat-lto-objects -Og -c Generated_Source\PSoC4\isr_period.c -o .\CortexM0\ARM_GCC_541\Debug\isr_period.o
arm-none-eabi-gcc.exe -mcpu=cortex-m0 -mthumb -I. -IGenerated_Source\PSoC4 -Wa,-alh=.\CortexM0\ARM_GCC_541\Debug/CAN_LED.lst -g -D DEBUG -D CY_CORE_ID=0 -D CHIP_TYPE=CHIP_TYPE_PSOC_CY8C4248AZI_L485 -Wall -ffunction-sections -ffat-lto-objects -Og -c Generated_Source\PSoC4\CAN_LED.c -o .\CortexM0\ARM_GCC_541\Debug\CAN_LED.o
arm-none-eabi-gcc.exe -mcpu=cortex-m0 -mthumb -I. -IGenerated_Source\PSoC4 -Wa,-alh=.\CortexM0\ARM_GCC_541\Debug/CAN_LED_PM.lst -g -D DEBUG -D CY_CORE_ID=0 -D CHIP_TYPE=CHIP_TYPE_PSOC_CY8C4248AZI_L485 -Wall -ffunction-sections -ffat-lto-objects -Og -c Generated_Source\PSoC4\CAN_LED_PM.c -o .\CortexM0\ARM_GCC_541\Debug\CAN_LED_PM.o
arm-none-eabi-gcc.exe -mcpu=cortex-m0 -mthumb -I. -IGenerated_Source\PSoC4 -Wa,-alh=.\CortexM0\ARM_GCC_541\Debug/ERROR_LED.lst -g -D DEBUG -D CY_CORE_ID=0 -D CHIP_TYPE=CHIP_TYPE_PSOC_CY8C4248AZI_L485 -Wall -ffunction-sections -ffat-lto-objects -Og -c Generated_Source\PSoC4\ERROR_LED.c -o .\CortexM0\ARM_GCC_541\Debug\ERROR_LED.o
arm-none-eabi-gcc.exe -mcpu=cortex-m0 -mthumb -I. -IGenerated_Source\PSoC4 -Wa,-alh=.\CortexM0\ARM_GCC_541\Debug/ERROR_LED_PM.lst -g -D DEBUG -D CY_CORE_ID=0 -D CHIP_TYPE=CHIP_TYPE_PSOC_CY8C4248AZI_L485 -Wall -ffunction-sections -ffat-lto-objects -Og -c Generated_Source\PSoC4\ERROR_LED_PM.c -o .\CortexM0\ARM_GCC_541\Debug\ERROR_LED_PM.o
arm-none-eabi-gcc.exe -mcpu=cortex-m0 -mthumb -I. -IGenerated_Source\PSoC4 -Wa,-alh=.\CortexM0\ARM_GCC_541\Debug/FAULT_MOTOR.lst -g -D DEBUG -D CY_CORE_ID=0 -D CHIP_TYPE=CHIP_TYPE_PSOC_CY8C4248AZI_L485 -Wall -ffunction-sections -ffat-lto-objects -Og -c Generated_Source\PSoC4\FAULT_MOTOR.c -o .\CortexM0\ARM_GCC_541\Debug\FAULT_MOTOR.o
arm-none-eabi-gcc.exe -mcpu=cortex-m0 -mthumb -I. -IGenerated_Source\PSoC4 -Wa,-alh=.\CortexM0\ARM_GCC_541\Debug/FAULT_MOTOR_PM.lst -g -D DEBUG -D CY_CORE_ID=0 -D CHIP_TYPE=CHIP_TYPE_PSOC_CY8C4248AZI_L485 -Wall -ffunction-sections -ffat-lto-objects -Og -c Generated_Source\PSoC4\FAULT_MOTOR_PM.c -o .\CortexM0\ARM_GCC_541\Debug\FAULT_MOTOR_PM.o
arm-none-eabi-gcc.exe -mcpu=cortex-m0 -mthumb -I. -IGenerated_Source\PSoC4 -Wa,-alh=.\CortexM0\ARM_GCC_541\Debug/QuadDec_Cnt16.lst -g -D DEBUG -D CY_CORE_ID=0 -D CHIP_TYPE=CHIP_TYPE_PSOC_CY8C4248AZI_L485 -Wall -ffunction-sections -ffat-lto-objects -Og -c Generated_Source\PSoC4\QuadDec_Cnt16.c -o .\CortexM0\ARM_GCC_541\Debug\QuadDec_Cnt16.o
arm-none-eabi-gcc.exe -mcpu=cortex-m0 -mthumb -I. -IGenerated_Source\PSoC4 -Wa,-alh=.\CortexM0\ARM_GCC_541\Debug/QuadDec_Cnt16_PM.lst -g -D DEBUG -D CY_CORE_ID=0 -D CHIP_TYPE=CHIP_TYPE_PSOC_CY8C4248AZI_L485 -Wall -ffunction-sections -ffat-lto-objects -Og -c Generated_Source\PSoC4\QuadDec_Cnt16_PM.c -o .\CortexM0\ARM_GCC_541\Debug\QuadDec_Cnt16_PM.o
arm-none-eabi-gcc.exe -mcpu=cortex-m0 -mthumb -I. -IGenerated_Source\PSoC4 -Wa,-alh=.\CortexM0\ARM_GCC_541\Debug/StripLights_StringSel.lst -g -D DEBUG -D CY_CORE_ID=0 -D CHIP_TYPE=CHIP_TYPE_PSOC_CY8C4248AZI_L485 -Wall -ffunction-sections -ffat-lto-objects -Og -c Generated_Source\PSoC4\StripLights_StringSel.c -o .\CortexM0\ARM_GCC_541\Debug\StripLights_StringSel.o
arm-none-eabi-gcc.exe -mcpu=cortex-m0 -mthumb -I. -IGenerated_Source\PSoC4 -Wa,-alh=.\CortexM0\ARM_GCC_541\Debug/StripLights_StringSel_PM.lst -g -D DEBUG -D CY_CORE_ID=0 -D CHIP_TYPE=CHIP_TYPE_PSOC_CY8C4248AZI_L485 -Wall -ffunction-sections -ffat-lto-objects -Og -c Generated_Source\PSoC4\StripLights_StringSel_PM.c -o .\CortexM0\ARM_GCC_541\Debug\StripLights_StringSel_PM.o
arm-none-eabi-gcc.exe -mcpu=cortex-m0 -mthumb -I. -IGenerated_Source\PSoC4 -Wa,-alh=.\CortexM0\ARM_GCC_541\Debug/StripLights_cisr.lst -g -D DEBUG -D CY_CORE_ID=0 -D CHIP_TYPE=CHIP_TYPE_PSOC_CY8C4248AZI_L485 -Wall -ffunction-sections -ffat-lto-objects -Og -c Generated_Source\PSoC4\StripLights_cisr.c -o .\CortexM0\ARM_GCC_541\Debug\StripLights_cisr.o
arm-none-eabi-gcc.exe -mcpu=cortex-m0 -mthumb -I. -IGenerated_Source\PSoC4 -Wa,-alh=.\CortexM0\ARM_GCC_541\Debug/StripLights_fisr.lst -g -D DEBUG -D CY_CORE_ID=0 -D CHIP_TYPE=CHIP_TYPE_PSOC_CY8C4248AZI_L485 -Wall -ffunction-sections -ffat-lto-objects -Og -c Generated_Source\PSoC4\StripLights_fisr.c -o .\CortexM0\ARM_GCC_541\Debug\StripLights_fisr.o
arm-none-eabi-gcc.exe -mcpu=cortex-m0 -mthumb -I. -IGenerated_Source\PSoC4 -Wa,-alh=.\CortexM0\ARM_GCC_541\Debug/ADC_SAR_Seq_1_IRQ.lst -g -D DEBUG -D CY_CORE_ID=0 -D CHIP_TYPE=CHIP_TYPE_PSOC_CY8C4248AZI_L485 -Wall -ffunction-sections -ffat-lto-objects -Og -c Generated_Source\PSoC4\ADC_SAR_Seq_1_IRQ.c -o .\CortexM0\ARM_GCC_541\Debug\ADC_SAR_Seq_1_IRQ.o
arm-none-eabi-gcc.exe -mcpu=cortex-m0 -mthumb -I. -IGenerated_Source\PSoC4 -Wa,-alh=.\CortexM0\ARM_GCC_541\Debug/ADC_SAR_Seq_1_intClock.lst -g -D DEBUG -D CY_CORE_ID=0 -D CHIP_TYPE=CHIP_TYPE_PSOC_CY8C4248AZI_L485 -Wall -ffunction-sections -ffat-lto-objects -Og -c Generated_Source\PSoC4\ADC_SAR_Seq_1_intClock.c -o .\CortexM0\ARM_GCC_541\Debug\ADC_SAR_Seq_1_intClock.o
arm-none-eabi-gcc.exe -mcpu=cortex-m0 -mthumb -I. -IGenerated_Source\PSoC4 -Wa,-alh=.\CortexM0\ARM_GCC_541\Debug/CAN_isr.lst -g -D DEBUG -D CY_CORE_ID=0 -D CHIP_TYPE=CHIP_TYPE_PSOC_CY8C4248AZI_L485 -Wall -ffunction-sections -ffat-lto-objects -Og -c Generated_Source\PSoC4\CAN_isr.c -o .\CortexM0\ARM_GCC_541\Debug\CAN_isr.o
arm-none-eabi-gcc.exe -mcpu=cortex-m0 -mthumb -I. -IGenerated_Source\PSoC4 -Wa,-alh=.\CortexM0\ARM_GCC_541\Debug/CAN_HFCLK.lst -g -D DEBUG -D CY_CORE_ID=0 -D CHIP_TYPE=CHIP_TYPE_PSOC_CY8C4248AZI_L485 -Wall -ffunction-sections -ffat-lto-objects -Og -c Generated_Source\PSoC4\CAN_HFCLK.c -o .\CortexM0\ARM_GCC_541\Debug\CAN_HFCLK.o
arm-none-eabi-gcc.exe -mcpu=cortex-m0 -mthumb -I. -IGenerated_Source\PSoC4 -Wa,-alh=.\CortexM0\ARM_GCC_541\Debug/UART_SCBCLK.lst -g -D DEBUG -D CY_CORE_ID=0 -D CHIP_TYPE=CHIP_TYPE_PSOC_CY8C4248AZI_L485 -Wall -ffunction-sections -ffat-lto-objects -Og -c Generated_Source\PSoC4\UART_SCBCLK.c -o .\CortexM0\ARM_GCC_541\Debug\UART_SCBCLK.o
arm-none-eabi-gcc.exe -mcpu=cortex-m0 -mthumb -I. -IGenerated_Source\PSoC4 -Wa,-alh=.\CortexM0\ARM_GCC_541\Debug/UART_tx.lst -g -D DEBUG -D CY_CORE_ID=0 -D CHIP_TYPE=CHIP_TYPE_PSOC_CY8C4248AZI_L485 -Wall -ffunction-sections -ffat-lto-objects -Og -c Generated_Source\PSoC4\UART_tx.c -o .\CortexM0\ARM_GCC_541\Debug\UART_tx.o
arm-none-eabi-gcc.exe -mcpu=cortex-m0 -mthumb -I. -IGenerated_Source\PSoC4 -Wa,-alh=.\CortexM0\ARM_GCC_541\Debug/UART_tx_PM.lst -g -D DEBUG -D CY_CORE_ID=0 -D CHIP_TYPE=CHIP_TYPE_PSOC_CY8C4248AZI_L485 -Wall -ffunction-sections -ffat-lto-objects -Og -c Generated_Source\PSoC4\UART_tx_PM.c -o .\CortexM0\ARM_GCC_541\Debug\UART_tx_PM.o
arm-none-eabi-gcc.exe -mcpu=cortex-m0 -mthumb -I. -IGenerated_Source\PSoC4 -Wa,-alh=.\CortexM0\ARM_GCC_541\Debug/UART_SCB_IRQ.lst -g -D DEBUG -D CY_CORE_ID=0 -D CHIP_TYPE=CHIP_TYPE_PSOC_CY8C4248AZI_L485 -Wall -ffunction-sections -ffat-lto-objects -Og -c Generated_Source\PSoC4\UART_SCB_IRQ.c -o .\CortexM0\ARM_GCC_541\Debug\UART_SCB_IRQ.o
arm-none-eabi-gcc.exe -mcpu=cortex-m0 -mthumb -I. -IGenerated_Source\PSoC4 -Wa,-alh=.\CortexM0\ARM_GCC_541\Debug/UART_rx.lst -g -D DEBUG -D CY_CORE_ID=0 -D CHIP_TYPE=CHIP_TYPE_PSOC_CY8C4248AZI_L485 -Wall -ffunction-sections -ffat-lto-objects -Og -c Generated_Source\PSoC4\UART_rx.c -o .\CortexM0\ARM_GCC_541\Debug\UART_rx.o
arm-none-eabi-gcc.exe -mcpu=cortex-m0 -mthumb -I. -IGenerated_Source\PSoC4 -Wa,-alh=.\CortexM0\ARM_GCC_541\Debug/UART_rx_PM.lst -g -D DEBUG -D CY_CORE_ID=0 -D CHIP_TYPE=CHIP_TYPE_PSOC_CY8C4248AZI_L485 -Wall -ffunction-sections -ffat-lto-objects -Og -c Generated_Source\PSoC4\UART_rx_PM.c -o .\CortexM0\ARM_GCC_541\Debug\UART_rx_PM.o
arm-none-eabi-gcc.exe -mcpu=cortex-m0 -mthumb -I. -IGenerated_Source\PSoC4 -Wa,-alh=.\CortexM0\ARM_GCC_541\Debug/Cm0Start.lst -g -D DEBUG -D CY_CORE_ID=0 -D CHIP_TYPE=CHIP_TYPE_PSOC_CY8C4248AZI_L485 -Wall -ffunction-sections -ffat-lto-objects -Og -c Generated_Source\PSoC4\Cm0Start.c -o .\CortexM0\ARM_GCC_541\Debug\Cm0Start.o
arm-none-eabi-gcc.exe -mcpu=cortex-m0 -mthumb -I. -IGenerated_Source\PSoC4 -Wa,-alh=.\CortexM0\ARM_GCC_541\Debug/CyFlash.lst -g -D DEBUG -D CY_CORE_ID=0 -D CHIP_TYPE=CHIP_TYPE_PSOC_CY8C4248AZI_L485 -Wall -ffunction-sections -ffat-lto-objects -Og -c Generated_Source\PSoC4\CyFlash.c -o .\CortexM0\ARM_GCC_541\Debug\CyFlash.o
arm-none-eabi-gcc.exe -mcpu=cortex-m0 -mthumb -I. -IGenerated_Source\PSoC4 -Wa,-alh=.\CortexM0\ARM_GCC_541\Debug/CyLib.lst -g -D DEBUG -D CY_CORE_ID=0 -D CHIP_TYPE=CHIP_TYPE_PSOC_CY8C4248AZI_L485 -Wall -ffunction-sections -ffat-lto-objects -Og -c Generated_Source\PSoC4\CyLib.c -o .\CortexM0\ARM_GCC_541\Debug\CyLib.o
arm-none-eabi-gcc.exe -mcpu=cortex-m0 -mthumb -I. -IGenerated_Source\PSoC4 -Wa,-alh=.\CortexM0\ARM_GCC_541\Debug/cyPm.lst -g -D DEBUG -D CY_CORE_ID=0 -D CHIP_TYPE=CHIP_TYPE_PSOC_CY8C4248AZI_L485 -Wall -ffunction-sections -ffat-lto-objects -Og -c Generated_Source\PSoC4\cyPm.c -o .\CortexM0\ARM_GCC_541\Debug\cyPm.o
arm-none-eabi-gcc.exe -mcpu=cortex-m0 -mthumb -I. -IGenerated_Source\PSoC4 -Wa,-alh=.\CortexM0\ARM_GCC_541\Debug/cyutils.lst -g -D DEBUG -D CY_CORE_ID=0 -D CHIP_TYPE=CHIP_TYPE_PSOC_CY8C4248AZI_L485 -Wall -ffunction-sections -ffat-lto-objects -Og -c Generated_Source\PSoC4\cyutils.c -o .\CortexM0\ARM_GCC_541\Debug\cyutils.o
arm-none-eabi-gcc.exe -mcpu=cortex-m0 -mthumb -I. -IGenerated_Source\PSoC4 -Wa,-alh=.\CortexM0\ARM_GCC_541\Debug/CyDMA.lst -g -D DEBUG -D CY_CORE_ID=0 -D CHIP_TYPE=CHIP_TYPE_PSOC_CY8C4248AZI_L485 -Wall -ffunction-sections -ffat-lto-objects -Og -c Generated_Source\PSoC4\CyDMA.c -o .\CortexM0\ARM_GCC_541\Debug\CyDMA.o
arm-none-eabi-gcc.exe -mcpu=cortex-m0 -mthumb -I. -IGenerated_Source\PSoC4 -Wa,-alh=.\CortexM0\ARM_GCC_541\Debug/CyLFClk.lst -g -D DEBUG -D CY_CORE_ID=0 -D CHIP_TYPE=CHIP_TYPE_PSOC_CY8C4248AZI_L485 -Wall -ffunction-sections -ffat-lto-objects -Og -c Generated_Source\PSoC4\CyLFClk.c -o .\CortexM0\ARM_GCC_541\Debug\CyLFClk.o
arm-none-eabi-gcc.exe -mcpu=cortex-m0 -mthumb -I. -IGenerated_Source\PSoC4 -Wa,-alh=.\CortexM0\ARM_GCC_541\Debug/cy_em_eeprom.lst -g -D DEBUG -D CY_CORE_ID=0 -D CHIP_TYPE=CHIP_TYPE_PSOC_CY8C4248AZI_L485 -Wall -ffunction-sections -ffat-lto-objects -Og -c Generated_Source\PSoC4\cy_em_eeprom.c -o .\CortexM0\ARM_GCC_541\Debug\cy_em_eeprom.o
arm-none-eabi-as.exe -mcpu=cortex-m0 -mthumb -I. -IGenerated_Source\PSoC4 -alh=.\CortexM0\ARM_GCC_541\Debug/CyBootAsmGnu.lst -g -W -o .\CortexM0\ARM_GCC_541\Debug\CyBootAsmGnu.o Generated_Source\PSoC4\CyBootAsmGnu.s
arm-none-eabi-ar.exe -rs .\CortexM0\ARM_GCC_541\Debug\Motor_Board_Rev3_CAN_Send.a .\CortexM0\ARM_GCC_541\Debug\Pin_Limit_1.o .\CortexM0\ARM_GCC_541\Debug\Pin_Limit_1_PM.o .\CortexM0\ARM_GCC_541\Debug\Pin_Limit_2.o .\CortexM0\ARM_GCC_541\Debug\Pin_Limit_2_PM.o .\CortexM0\ARM_GCC_541\Debug\PWM_Motor.o .\CortexM0\ARM_GCC_541\Debug\PWM_Motor_PM.o .\CortexM0\ARM_GCC_541\Debug\isr_Limit_1.o .\CortexM0\ARM_GCC_541\Debug\Pin_Motor.o .\CortexM0\ARM_GCC_541\Debug\Pin_Motor_PM.o .\CortexM0\ARM_GCC_541\Debug\Clock_PWM.o .\CortexM0\ARM_GCC_541\Debug\Pin_Pot.o .\CortexM0\ARM_GCC_541\Debug\Pin_Pot_PM.o .\CortexM0\ARM_GCC_541\Debug\Pin_Direction.o .\CortexM0\ARM_GCC_541\Debug\Pin_Direction_PM.o .\CortexM0\ARM_GCC_541\Debug\QuadDec.o .\CortexM0\ARM_GCC_541\Debug\QuadDec_PM.o .\CortexM0\ARM_GCC_541\Debug\Pin_Encoder_A.o .\CortexM0\ARM_GCC_541\Debug\Pin_Encoder_A_PM.o .\CortexM0\ARM_GCC_541\Debug\Pin_Encoder_B.o .\CortexM0\ARM_GCC_541\Debug\Pin_Encoder_B_PM.o .\CortexM0\ARM_GCC_541\Debug\Clock_1.o .\CortexM0\ARM_GCC_541\Debug\Debug_1.o .\CortexM0\ARM_GCC_541\Debug\Debug_1_PM.o .\CortexM0\ARM_GCC_541\Debug\Debug_2.o .\CortexM0\ARM_GCC_541\Debug\Debug_2_PM.o .\CortexM0\ARM_GCC_541\Debug\Status_Reg_Switches.o .\CortexM0\ARM_GCC_541\Debug\Clock_2.o .\CortexM0\ARM_GCC_541\Debug\StripLights.o .\CortexM0\ARM_GCC_541\Debug\StripLights_fonts.o .\CortexM0\ARM_GCC_541\Debug\Array_LED.o .\CortexM0\ARM_GCC_541\Debug\Array_LED_PM.o .\CortexM0\ARM_GCC_541\Debug\ADC_SAR_Seq_1.o .\CortexM0\ARM_GCC_541\Debug\ADC_SAR_Seq_1_PM.o .\CortexM0\ARM_GCC_541\Debug\ADC_SAR_Seq_1_INT.o .\CortexM0\ARM_GCC_541\Debug\RX_1.o .\CortexM0\ARM_GCC_541\Debug\RX_1_PM.o .\CortexM0\ARM_GCC_541\Debug\TX_1.o .\CortexM0\ARM_GCC_541\Debug\TX_1_PM.o .\CortexM0\ARM_GCC_541\Debug\CAN.o .\CortexM0\ARM_GCC_541\Debug\CAN_INT.o .\CortexM0\ARM_GCC_541\Debug\CAN_PM.o .\CortexM0\ARM_GCC_541\Debug\CAN_TX_RX_func.o .\CortexM0\ARM_GCC_541\Debug\UART.o .\CortexM0\ARM_GCC_541\Debug\UART_SPI_UART.o .\CortexM0\ARM_GCC_541\Debug\UART_SPI_UART_INT.o .\CortexM0\ARM_GCC_541\Debug\UART_PM.o .\CortexM0\ARM_GCC_541\Debug\UART_UART.o .\CortexM0\ARM_GCC_541\Debug\UART_BOOT.o .\CortexM0\ARM_GCC_541\Debug\UART_UART_BOOT.o .\CortexM0\ARM_GCC_541\Debug\Dip_1.o .\CortexM0\ARM_GCC_541\Debug\Dip_1_PM.o .\CortexM0\ARM_GCC_541\Debug\Dip_3.o .\CortexM0\ARM_GCC_541\Debug\Dip_3_PM.o .\CortexM0\ARM_GCC_541\Debug\Dip_2.o .\CortexM0\ARM_GCC_541\Debug\Dip_2_PM.o .\CortexM0\ARM_GCC_541\Debug\Dip_4.o .\CortexM0\ARM_GCC_541\Debug\Dip_4_PM.o .\CortexM0\ARM_GCC_541\Debug\Can_addr.o .\CortexM0\ARM_GCC_541\Debug\timer_clock.o .\CortexM0\ARM_GCC_541\Debug\Timer_1.o .\CortexM0\ARM_GCC_541\Debug\Timer_1_PM.o .\CortexM0\ARM_GCC_541\Debug\isr_period.o .\CortexM0\ARM_GCC_541\Debug\CAN_LED.o .\CortexM0\ARM_GCC_541\Debug\CAN_LED_PM.o .\CortexM0\ARM_GCC_541\Debug\ERROR_LED.o .\CortexM0\ARM_GCC_541\Debug\ERROR_LED_PM.o .\CortexM0\ARM_GCC_541\Debug\FAULT_MOTOR.o .\CortexM0\ARM_GCC_541\Debug\FAULT_MOTOR_PM.o .\CortexM0\ARM_GCC_541\Debug\QuadDec_Cnt16.o .\CortexM0\ARM_GCC_541\Debug\QuadDec_Cnt16_PM.o .\CortexM0\ARM_GCC_541\Debug\StripLights_StringSel.o .\CortexM0\ARM_GCC_541\Debug\StripLights_StringSel_PM.o .\CortexM0\ARM_GCC_541\Debug\StripLights_cisr.o .\CortexM0\ARM_GCC_541\Debug\StripLights_fisr.o .\CortexM0\ARM_GCC_541\Debug\ADC_SAR_Seq_1_IRQ.o .\CortexM0\ARM_GCC_541\Debug\ADC_SAR_Seq_1_intClock.o .\CortexM0\ARM_GCC_541\Debug\CAN_isr.o .\CortexM0\ARM_GCC_541\Debug\CAN_HFCLK.o .\CortexM0\ARM_GCC_541\Debug\UART_SCBCLK.o .\CortexM0\ARM_GCC_541\Debug\UART_tx.o .\CortexM0\ARM_GCC_541\Debug\UART_tx_PM.o .\CortexM0\ARM_GCC_541\Debug\UART_SCB_IRQ.o .\CortexM0\ARM_GCC_541\Debug\UART_rx.o .\CortexM0\ARM_GCC_541\Debug\UART_rx_PM.o .\CortexM0\ARM_GCC_541\Debug\CyFlash.o .\CortexM0\ARM_GCC_541\Debug\CyLib.o .\CortexM0\ARM_GCC_541\Debug\cyPm.o .\CortexM0\ARM_GCC_541\Debug\cyutils.o .\CortexM0\ARM_GCC_541\Debug\CyDMA.o .\CortexM0\ARM_GCC_541\Debug\CyLFClk.o .\CortexM0\ARM_GCC_541\Debug\cy_em_eeprom.o .\CortexM0\ARM_GCC_541\Debug\CyBootAsmGnu.o
arm-none-eabi-ar.exe: creating .\CortexM0\ARM_GCC_541\Debug\Motor_Board_Rev3_CAN_Send.a
arm-none-eabi-gcc.exe -Wl,--start-group -o "C:\Users\sadbu\Desktop\UW\Husky Robotics\Hand_Control_Board_2022\Motor Unit\Motor_Board_Rev3_CAN_Send.cydsn\CortexM0\ARM_GCC_541\Debug\Motor_Board_Rev3_CAN_Send.elf" .\CortexM0\ARM_GCC_541\Debug\main.o .\CortexM0\ARM_GCC_541\Debug\Initialize_CAN_addr.o .\CortexM0\ARM_GCC_541\Debug\MotorDrive.o .\CortexM0\ARM_GCC_541\Debug\PositionPID.o .\CortexM0\ARM_GCC_541\Debug\LED_Array.o .\CortexM0\ARM_GCC_541\Debug\DebugMessages.o .\CortexM0\ARM_GCC_541\Debug\CANCommon.o .\CortexM0\ARM_GCC_541\Debug\CANGPIO.o .\CortexM0\ARM_GCC_541\Debug\CANLocalization.o .\CortexM0\ARM_GCC_541\Debug\CANMotorUnit.o .\CortexM0\ARM_GCC_541\Debug\CANPacket.o .\CortexM0\ARM_GCC_541\Debug\CANPower.o .\CortexM0\ARM_GCC_541\Debug\PortPSOC_CY8C4248AZI_L485.o .\CortexM0\ARM_GCC_541\Debug\cyfitter_cfg.o .\CortexM0\ARM_GCC_541\Debug\cymetadata.o .\CortexM0\ARM_GCC_541\Debug\Cm0Start.o .\CortexM0\ARM_GCC_541\Debug\Motor_Board_Rev3_CAN_Send.a -mcpu=cortex-m0 -mthumb -L Generated_Source\PSoC4 -Wl,-Map,.\CortexM0\ARM_GCC_541\Debug/Motor_Board_Rev3_CAN_Send.map -T Generated_Source\PSoC4\cm0gcc.ld -specs=nano.specs -Wl,--gc-sections -g -ffunction-sections -Og -ffat-lto-objects -Wl,--end-group
cyelftool.exe -C "C:\Users\sadbu\Desktop\UW\Husky Robotics\Hand_Control_Board_2022\Motor Unit\Motor_Board_Rev3_CAN_Send.cydsn\CortexM0\ARM_GCC_541\Debug\Motor_Board_Rev3_CAN_Send.elf" --flash_row_size 256 --flash_size 262144 --flash_offset 0x00000000
No ELF section .cychecksum found, creating one
Application checksum calculated and stored in ELF section .cychecksum
Checksum calculated and stored in ELF section .cymeta
cyelftool.exe -S "C:\Users\sadbu\Desktop\UW\Husky Robotics\Hand_Control_Board_2022\Motor Unit\Motor_Board_Rev3_CAN_Send.cydsn\CortexM0\ARM_GCC_541\Debug\Motor_Board_Rev3_CAN_Send.elf"
Flash used: 16238 of 262144 bytes (6.2%).
SRAM used: 3064 of 32768 bytes (9.4%). Stack: 2048 bytes. Heap: 128 bytes.
--------------- Build Succeeded: 05/23/2022 20:17:19 ---------------
