--------------- Rebuild Started: 02/22/2022 18:18:52 Project: Motor_Board_Rev3, Configuration: ARM GCC 5.4-2016-q2-update Debug ---------------
Deleting file ".\Motor_Board_Rev3.cycdx"
Deleting file ".\Motor_Board_Rev3.svd"
Deleting file ".\Motor_Board_Rev3.rpt"
Deleting file ".\Motor_Board_Rev3_timing.html"
cydsfit.exe -.appdatapath "C:\Users\sadbu\AppData\Local\Cypress Semiconductor\PSoC Creator\4.4" -.fdsnotice -.fdswarpdepfile=warp_dependencies.txt -.fdselabdepfile=elab_dependencies.txt -.fdsbldfile=generated_files.txt -.fdsreffile=referenced_files.txt -p "C:\Users\sadbu\Desktop\UW\Husky Robotics\Hand_Control_Board_2022\Motor Unit\Motor_Board_Rev3.cydsn\Motor_Board_Rev3.cyprj" -d CY8C4248AZI-L485 -s "C:\Users\sadbu\Desktop\UW\Husky Robotics\Hand_Control_Board_2022\Motor Unit\Motor_Board_Rev3.cydsn\Generated_Source\PSoC4" -- -yv2 -q10 -ygs -o2 -v3 -.fftcfgtype=LE
Elaborating Design...
HDL Generation...
Synthesis...
Tech Mapping...
Analog Placement...
Analog Routing...
Analog Code Generation...
Digital Placement...
Digital Routing...
Bitstream Generation...
Bitstream Verification...
Static timing analysis...
API Generation...
Dependency Generation...
Cleanup...
arm-none-eabi-gcc.exe -mcpu=cortex-m0 -mthumb -I. -IGenerated_Source\PSoC4 -Wa,-alh=.\CortexM0\ARM_GCC_541\Debug/main.lst -g -D DEBUG -D CY_CORE_ID=0 -D CHIP_TYPE=CHIP_TYPE_PSOC_CY8C4248AZI_L485 -Wall -ffunction-sections -ffat-lto-objects -Og -c ..\MotorFirmware\main.c -o .\CortexM0\ARM_GCC_541\Debug\main.o
In file included from ..\MotorFirmware\main.h:15:0,
                 from ..\MotorFirmware\main.c:13:
..\MotorFirmware\../CANLib/CANLibrary.h:14:18: fatal error: Port.h: No such file or directory
compilation terminated.
The command 'arm-none-eabi-gcc.exe' failed with exit code '1'.
--------------- Rebuild Failed: 02/22/2022 18:19:06 ---------------
